# JRE version: OpenJDK Runtime Environment (8.0_242-b01) (build 1.8.0_242-release-1644-b01)
# Java VM: OpenJDK 64-Bit Server VM (25.242-b01 mixed mode windows-amd64 compressed oops)
Heap:
 PSYoungGen      total 228352K, used 72566K [0x00000000d5580000, 0x00000000e7b80000, 0x0000000100000000)
  eden space 206848K, 24% used [0x00000000d5580000,0x00000000d87601e0,0x00000000e1f80000)
  from space 21504K, 99% used [0x00000000e1f80000,0x00000000e347d7a8,0x00000000e3480000)
  to   space 25600K, 0% used [0x00000000e6280000,0x00000000e6280000,0x00000000e7b80000)
 ParOldGen       total 133632K, used 36013K [0x0000000080000000, 0x0000000088280000, 0x00000000d5580000)
  object space 133632K, 26% used [0x0000000080000000,0x000000008232b750,0x0000000088280000)
 Metaspace       used 65984K, capacity 69164K, committed 69296K, reserved 1110016K
  class space    used 8996K, capacity 9633K, committed 9648K, reserved 1048576K
GC Heap History (10 events):
Event: 6.956 GC heap before
{Heap before GC invocations=10 (full 2):
 PSYoungGen      total 173568K, used 6857K [0x00000000d5580000, 0x00000000e4a80000, 0x0000000100000000)
  eden space 159232K, 0% used [0x00000000d5580000,0x00000000d5580000,0x00000000df100000)
  from space 14336K, 47% used [0x00000000dfe80000,0x00000000e0532428,0x00000000e0c80000)
  to   space 13824K, 0% used [0x00000000df100000,0x00000000df100000,0x00000000dfe80000)
 ParOldGen       total 66048K, used 11349K [0x0000000080000000, 0x0000000084080000, 0x00000000d5580000)
  object space 66048K, 17% used [0x0000000080000000,0x0000000080b156e0,0x0000000084080000)
 Metaspace       used 34523K, capacity 35406K, committed 35496K, reserved 1079296K
  class space    used 4740K, capacity 4974K, committed 5040K, reserved 1048576K
Event: 7.032 GC heap after
Heap after GC invocations=10 (full 2):
 PSYoungGen      total 173568K, used 0K [0x00000000d5580000, 0x00000000e4a80000, 0x0000000100000000)
  eden space 159232K, 0% used [0x00000000d5580000,0x00000000d5580000,0x00000000df100000)
  from space 14336K, 0% used [0x00000000dfe80000,0x00000000dfe80000,0x00000000e0c80000)
  to   space 13824K, 0% used [0x00000000df100000,0x00000000df100000,0x00000000dfe80000)
 ParOldGen       total 87552K, used 13476K [0x0000000080000000, 0x0000000085580000, 0x00000000d5580000)
  object space 87552K, 15% used [0x0000000080000000,0x0000000080d29390,0x0000000085580000)
 Metaspace       used 34523K, capacity 35406K, committed 35496K, reserved 1079296K
  class space    used 4740K, capacity 4974K, committed 5040K, reserved 1048576K
}
Event: 11.368 GC heap before
{Heap before GC invocations=11 (full 2):
 PSYoungGen      total 173568K, used 159232K [0x00000000d5580000, 0x00000000e4a80000, 0x0000000100000000)
  eden space 159232K, 100% used [0x00000000d5580000,0x00000000df100000,0x00000000df100000)
  from space 14336K, 0% used [0x00000000dfe80000,0x00000000dfe80000,0x00000000e0c80000)
  to   space 13824K, 0% used [0x00000000df100000,0x00000000df100000,0x00000000dfe80000)
 ParOldGen       total 87552K, used 13476K [0x0000000080000000, 0x0000000085580000, 0x00000000d5580000)
  object space 87552K, 15% used [0x0000000080000000,0x0000000080d29390,0x0000000085580000)
 Metaspace       used 49069K, capacity 50748K, committed 50992K, reserved 1093632K
  class space    used 6562K, capacity 6950K, committed 6960K, reserved 1048576K
Event: 11.395 GC heap after
Heap after GC invocations=11 (full 2):
 PSYoungGen      total 173056K, used 13795K [0x00000000d5580000, 0x00000000e4600000, 0x0000000100000000)
  eden space 159232K, 0% used [0x00000000d5580000,0x00000000d5580000,0x00000000df100000)
  from space 13824K, 99% used [0x00000000df100000,0x00000000dfe78dc8,0x00000000dfe80000)
  to   space 17920K, 0% used [0x00000000e3480000,0x00000000e3480000,0x00000000e4600000)
 ParOldGen       total 87552K, used 19155K [0x0000000080000000, 0x0000000085580000, 0x00000000d5580000)
  object space 87552K, 21% used [0x0000000080000000,0x00000000812b4f70,0x0000000085580000)
 Metaspace       used 49069K, capacity 50748K, committed 50992K, reserved 1093632K
  class space    used 6562K, capacity 6950K, committed 6960K, reserved 1048576K
}
Event: 14.213 GC heap before
{Heap before GC invocations=12 (full 2):
 PSYoungGen      total 173056K, used 120081K [0x00000000d5580000, 0x00000000e4600000, 0x0000000100000000)
  eden space 159232K, 66% used [0x00000000d5580000,0x00000000dbd4b930,0x00000000df100000)
  from space 13824K, 99% used [0x00000000df100000,0x00000000dfe78dc8,0x00000000dfe80000)
  to   space 17920K, 0% used [0x00000000e3480000,0x00000000e3480000,0x00000000e4600000)
 ParOldGen       total 87552K, used 19155K [0x0000000080000000, 0x0000000085580000, 0x00000000d5580000)
  object space 87552K, 21% used [0x0000000080000000,0x00000000812b4f70,0x0000000085580000)
 Metaspace       used 56952K, capacity 59058K, committed 59160K, reserved 1099776K
  class space    used 7811K, capacity 8290K, committed 8368K, reserved 1048576K
Event: 14.247 GC heap after
Heap after GC invocations=12 (full 2):
 PSYoungGen      total 224768K, used 17905K [0x00000000d5580000, 0x00000000e4a00000, 0x0000000100000000)
  eden space 206848K, 0% used [0x00000000d5580000,0x00000000d5580000,0x00000000e1f80000)
  from space 17920K, 99% used [0x00000000e3480000,0x00000000e45fc6d0,0x00000000e4600000)
  to   space 21504K, 0% used [0x00000000e1f80000,0x00000000e1f80000,0x00000000e3480000)
 ParOldGen       total 87552K, used 22571K [0x0000000080000000, 0x0000000085580000, 0x00000000d5580000)
  object space 87552K, 25% used [0x0000000080000000,0x000000008160af70,0x0000000085580000)
 Metaspace       used 56952K, capacity 59058K, committed 59160K, reserved 1099776K
  class space    used 7811K, capacity 8290K, committed 8368K, reserved 1048576K
}
Event: 14.247 GC heap before
{Heap before GC invocations=13 (full 3):
 PSYoungGen      total 224768K, used 17905K [0x00000000d5580000, 0x00000000e4a00000, 0x0000000100000000)
  eden space 206848K, 0% used [0x00000000d5580000,0x00000000d5580000,0x00000000e1f80000)
  from space 17920K, 99% used [0x00000000e3480000,0x00000000e45fc6d0,0x00000000e4600000)
  to   space 21504K, 0% used [0x00000000e1f80000,0x00000000e1f80000,0x00000000e3480000)
 ParOldGen       total 87552K, used 22571K [0x0000000080000000, 0x0000000085580000, 0x00000000d5580000)
  object space 87552K, 25% used [0x0000000080000000,0x000000008160af70,0x0000000085580000)
 Metaspace       used 56952K, capacity 59058K, committed 59160K, reserved 1099776K
  class space    used 7811K, capacity 8290K, committed 8368K, reserved 1048576K
Event: 14.646 GC heap after
Heap after GC invocations=13 (full 3):
 PSYoungGen      total 224768K, used 0K [0x00000000d5580000, 0x00000000e4a00000, 0x0000000100000000)
  eden space 206848K, 0% used [0x00000000d5580000,0x00000000d5580000,0x00000000e1f80000)
  from space 17920K, 0% used [0x00000000e3480000,0x00000000e3480000,0x00000000e4600000)
  to   space 21504K, 0% used [0x00000000e1f80000,0x00000000e1f80000,0x00000000e3480000)
 ParOldGen       total 133632K, used 33098K [0x0000000080000000, 0x0000000088280000, 0x00000000d5580000)
  object space 133632K, 24% used [0x0000000080000000,0x0000000082052998,0x0000000088280000)
 Metaspace       used 56920K, capacity 58950K, committed 59160K, reserved 1099776K
  class space    used 7801K, capacity 8272K, committed 8368K, reserved 1048576K
}
Event: 29.936 GC heap before
{Heap before GC invocations=14 (full 3):
 PSYoungGen      total 224768K, used 206848K [0x00000000d5580000, 0x00000000e4a00000, 0x0000000100000000)
  eden space 206848K, 100% used [0x00000000d5580000,0x00000000e1f80000,0x00000000e1f80000)
  from space 17920K, 0% used [0x00000000e3480000,0x00000000e3480000,0x00000000e4600000)
  to   space 21504K, 0% used [0x00000000e1f80000,0x00000000e1f80000,0x00000000e3480000)
 ParOldGen       total 133632K, used 33098K [0x0000000080000000, 0x0000000088280000, 0x00000000d5580000)
  object space 133632K, 24% used [0x0000000080000000,0x0000000082052998,0x0000000088280000)
 Metaspace       used 65011K, capacity 68166K, committed 68528K, reserved 1107968K
  class space    used 8902K, capacity 9552K, committed 9648K, reserved 1048576K
Event: 29.982 GC heap after
Heap after GC invocations=14 (full 3):
 PSYoungGen      total 228352K, used 21493K [0x00000000d5580000, 0x00000000e7b80000, 0x0000000100000000)
  eden space 206848K, 0% used [0x00000000d5580000,0x00000000d5580000,0x00000000e1f80000)
  from space 21504K, 99% used [0x00000000e1f80000,0x00000000e347d7a8,0x00000000e3480000)
  to   space 25600K, 0% used [0x00000000e6280000,0x00000000e6280000,0x00000000e7b80000)
 ParOldGen       total 133632K, used 36013K [0x0000000080000000, 0x0000000088280000, 0x00000000d5580000)
  object space 133632K, 26% used [0x0000000080000000,0x000000008232b750,0x0000000088280000)
 Metaspace       used 65011K, capacity 68166K, committed 68528K, reserved 1107968K
  class space    used 8902K, capacity 9552K, committed 9648K, reserved 1048576K
}

