# JRE version: OpenJDK Runtime Environment (8.0_242-b01) (build 1.8.0_242-release-1644-b01)
# Java VM: OpenJDK 64-Bit Server VM (25.242-b01 mixed mode windows-amd64 compressed oops)
Heap:
 PSYoungGen      total 210432K, used 48055K [0x00000000d5580000, 0x00000000e5680000, 0x0000000100000000)
  eden space 177152K, 27% used [0x00000000d5580000,0x00000000d846dce0,0x00000000e0280000)
  from space 33280K, 0% used [0x00000000e3600000,0x00000000e3600000,0x00000000e5680000)
  to   space 32768K, 0% used [0x00000000e1600000,0x00000000e1600000,0x00000000e3600000)
 ParOldGen       total 161280K, used 53982K [0x0000000080000000, 0x0000000089d80000, 0x00000000d5580000)
  object space 161280K, 33% used [0x0000000080000000,0x00000000834b7b30,0x0000000089d80000)
 Metaspace       used 93933K, capacity 97930K, committed 98864K, reserved 1138688K
  class space    used 12240K, capacity 13081K, committed 13360K, reserved 1048576K
GC Heap History (10 events):
Event: 641.033 GC heap before
{Heap before GC invocations=16 (full 3):
 PSYoungGen      total 209920K, used 209888K [0x00000000d5580000, 0x00000000e4000000, 0x0000000100000000)
  eden space 187904K, 100% used [0x00000000d5580000,0x00000000e0d00000,0x00000000e0d00000)
  from space 22016K, 99% used [0x00000000e2600000,0x00000000e3b78178,0x00000000e3b80000)
  to   space 25600K, 0% used [0x00000000e0d00000,0x00000000e0d00000,0x00000000e2600000)
 ParOldGen       total 161280K, used 33117K [0x0000000080000000, 0x0000000089d80000, 0x00000000d5580000)
  object space 161280K, 20% used [0x0000000080000000,0x00000000820574f8,0x0000000089d80000)
 Metaspace       used 80928K, capacity 85182K, committed 85424K, reserved 1122304K
  class space    used 10755K, capacity 11577K, committed 11696K, reserved 1048576K
Event: 641.067 GC heap after
Heap after GC invocations=16 (full 3):
 PSYoungGen      total 213504K, used 25593K [0x00000000d5580000, 0x00000000e6300000, 0x0000000100000000)
  eden space 187904K, 0% used [0x00000000d5580000,0x00000000d5580000,0x00000000e0d00000)
  from space 25600K, 99% used [0x00000000e0d00000,0x00000000e25fe640,0x00000000e2600000)
  to   space 32768K, 0% used [0x00000000e4300000,0x00000000e4300000,0x00000000e6300000)
 ParOldGen       total 161280K, used 42638K [0x0000000080000000, 0x0000000089d80000, 0x00000000d5580000)
  object space 161280K, 26% used [0x0000000080000000,0x00000000829a3a78,0x0000000089d80000)
 Metaspace       used 80928K, capacity 85182K, committed 85424K, reserved 1122304K
  class space    used 10755K, capacity 11577K, committed 11696K, reserved 1048576K
}
Event: 664.476 GC heap before
{Heap before GC invocations=17 (full 3):
 PSYoungGen      total 213504K, used 213497K [0x00000000d5580000, 0x00000000e6300000, 0x0000000100000000)
  eden space 187904K, 100% used [0x00000000d5580000,0x00000000e0d00000,0x00000000e0d00000)
  from space 25600K, 99% used [0x00000000e0d00000,0x00000000e25fe640,0x00000000e2600000)
  to   space 32768K, 0% used [0x00000000e4300000,0x00000000e4300000,0x00000000e6300000)
 ParOldGen       total 161280K, used 42638K [0x0000000080000000, 0x0000000089d80000, 0x00000000d5580000)
  object space 161280K, 26% used [0x0000000080000000,0x00000000829a3a78,0x0000000089d80000)
 Metaspace       used 88365K, capacity 92876K, committed 92976K, reserved 1130496K
  class space    used 11626K, capacity 12508K, committed 12592K, reserved 1048576K
Event: 664.518 GC heap after
Heap after GC invocations=17 (full 3):
 PSYoungGen      total 215040K, used 32738K [0x00000000d5580000, 0x00000000e6300000, 0x0000000100000000)
  eden space 182272K, 0% used [0x00000000d5580000,0x00000000d5580000,0x00000000e0780000)
  from space 32768K, 99% used [0x00000000e4300000,0x00000000e62f88d0,0x00000000e6300000)
  to   space 39424K, 0% used [0x00000000e1600000,0x00000000e1600000,0x00000000e3c80000)
 ParOldGen       total 161280K, used 47095K [0x0000000080000000, 0x0000000089d80000, 0x00000000d5580000)
  object space 161280K, 29% used [0x0000000080000000,0x0000000082dfdf80,0x0000000089d80000)
 Metaspace       used 88365K, capacity 92876K, committed 92976K, reserved 1130496K
  class space    used 11626K, capacity 12508K, committed 12592K, reserved 1048576K
}
Event: 667.382 GC heap before
{Heap before GC invocations=18 (full 3):
 PSYoungGen      total 215040K, used 215010K [0x00000000d5580000, 0x00000000e6300000, 0x0000000100000000)
  eden space 182272K, 100% used [0x00000000d5580000,0x00000000e0780000,0x00000000e0780000)
  from space 32768K, 99% used [0x00000000e4300000,0x00000000e62f88d0,0x00000000e6300000)
  to   space 39424K, 0% used [0x00000000e1600000,0x00000000e1600000,0x00000000e3c80000)
 ParOldGen       total 161280K, used 47095K [0x0000000080000000, 0x0000000089d80000, 0x00000000d5580000)
  object space 161280K, 29% used [0x0000000080000000,0x0000000082dfdf80,0x0000000089d80000)
 Metaspace       used 89015K, capacity 93580K, committed 93744K, reserved 1130496K
  class space    used 11675K, capacity 12572K, committed 12592K, reserved 1048576K
Event: 667.412 GC heap after
Heap after GC invocations=18 (full 3):
 PSYoungGen      total 209920K, used 32528K [0x00000000d5580000, 0x00000000e5680000, 0x0000000100000000)
  eden space 177152K, 0% used [0x00000000d5580000,0x00000000d5580000,0x00000000e0280000)
  from space 32768K, 99% used [0x00000000e1600000,0x00000000e35c4340,0x00000000e3600000)
  to   space 33280K, 0% used [0x00000000e3600000,0x00000000e3600000,0x00000000e5680000)
 ParOldGen       total 161280K, used 47103K [0x0000000080000000, 0x0000000089d80000, 0x00000000d5580000)
  object space 161280K, 29% used [0x0000000080000000,0x0000000082dfff80,0x0000000089d80000)
 Metaspace       used 89015K, capacity 93580K, committed 93744K, reserved 1130496K
  class space    used 11675K, capacity 12572K, committed 12592K, reserved 1048576K
}
Event: 671.203 GC heap before
{Heap before GC invocations=19 (full 3):
 PSYoungGen      total 209920K, used 78311K [0x00000000d5580000, 0x00000000e5680000, 0x0000000100000000)
  eden space 177152K, 25% used [0x00000000d5580000,0x00000000d8235c70,0x00000000e0280000)
  from space 32768K, 99% used [0x00000000e1600000,0x00000000e35c4340,0x00000000e3600000)
  to   space 33280K, 0% used [0x00000000e3600000,0x00000000e3600000,0x00000000e5680000)
 ParOldGen       total 161280K, used 47103K [0x0000000080000000, 0x0000000089d80000, 0x00000000d5580000)
  object space 161280K, 29% used [0x0000000080000000,0x0000000082dfff80,0x0000000089d80000)
 Metaspace       used 92730K, capacity 97328K, committed 97456K, reserved 1138688K
  class space    used 12181K, capacity 13106K, committed 13232K, reserved 1048576K
Event: 671.235 GC heap after
Heap after GC invocations=19 (full 3):
 PSYoungGen      total 210432K, used 32593K [0x00000000d5580000, 0x00000000e5680000, 0x0000000100000000)
  eden space 177152K, 0% used [0x00000000d5580000,0x00000000d5580000,0x00000000e0280000)
  from space 33280K, 97% used [0x00000000e3600000,0x00000000e55d4780,0x00000000e5680000)
  to   space 32768K, 0% used [0x00000000e1600000,0x00000000e1600000,0x00000000e3600000)
 ParOldGen       total 161280K, used 47111K [0x0000000080000000, 0x0000000089d80000, 0x00000000d5580000)
  object space 161280K, 29% used [0x0000000080000000,0x0000000082e01f80,0x0000000089d80000)
 Metaspace       used 92730K, capacity 97328K, committed 97456K, reserved 1138688K
  class space    used 12181K, capacity 13106K, committed 13232K, reserved 1048576K
}
Event: 671.235 GC heap before
{Heap before GC invocations=20 (full 4):
 PSYoungGen      total 210432K, used 32593K [0x00000000d5580000, 0x00000000e5680000, 0x0000000100000000)
  eden space 177152K, 0% used [0x00000000d5580000,0x00000000d5580000,0x00000000e0280000)
  from space 33280K, 97% used [0x00000000e3600000,0x00000000e55d4780,0x00000000e5680000)
  to   space 32768K, 0% used [0x00000000e1600000,0x00000000e1600000,0x00000000e3600000)
 ParOldGen       total 161280K, used 47111K [0x0000000080000000, 0x0000000089d80000, 0x00000000d5580000)
  object space 161280K, 29% used [0x0000000080000000,0x0000000082e01f80,0x0000000089d80000)
 Metaspace       used 92730K, capacity 97328K, committed 97456K, reserved 1138688K
  class space    used 12181K, capacity 13106K, committed 13232K, reserved 1048576K
Event: 671.510 GC heap after
Heap after GC invocations=20 (full 4):
 PSYoungGen      total 210432K, used 0K [0x00000000d5580000, 0x00000000e5680000, 0x0000000100000000)
  eden space 177152K, 0% used [0x00000000d5580000,0x00000000d5580000,0x00000000e0280000)
  from space 33280K, 0% used [0x00000000e3600000,0x00000000e3600000,0x00000000e5680000)
  to   space 32768K, 0% used [0x00000000e1600000,0x00000000e1600000,0x00000000e3600000)
 ParOldGen       total 161280K, used 53982K [0x0000000080000000, 0x0000000089d80000, 0x00000000d5580000)
  object space 161280K, 33% used [0x0000000080000000,0x00000000834b7b30,0x0000000089d80000)
 Metaspace       used 92413K, capacity 96388K, committed 97456K, reserved 1136640K
  class space    used 12079K, capacity 12924K, committed 13232K, reserved 1048576K
}

