# JRE version: OpenJDK Runtime Environment (8.0_242-b01) (build 1.8.0_242-release-1644-b01)
# Java VM: OpenJDK 64-Bit Server VM (25.242-b01 mixed mode windows-amd64 compressed oops)
Heap:
 PSYoungGen      total 110080K, used 97355K [0x00000000d5580000, 0x00000000de400000, 0x0000000100000000)
  eden space 90112K, 98% used [0x00000000d5580000,0x00000000dabc5398,0x00000000dad80000)
  from space 19968K, 45% used [0x00000000dad80000,0x00000000db64d8b0,0x00000000dc100000)
  to   space 18944K, 0% used [0x00000000dd180000,0x00000000dd180000,0x00000000de400000)
 ParOldGen       total 155136K, used 30019K [0x0000000080000000, 0x0000000089780000, 0x00000000d5580000)
  object space 155136K, 19% used [0x0000000080000000,0x0000000081d50f40,0x0000000089780000)
 Metaspace       used 64211K, capacity 67916K, committed 68016K, reserved 1107968K
  class space    used 8870K, capacity 9587K, committed 9648K, reserved 1048576K
GC Heap History (10 events):
Event: 32.649 GC heap before
{Heap before GC invocations=14 (full 2):
 PSYoungGen      total 80896K, used 77374K [0x00000000d5580000, 0x00000000dbc80000, 0x0000000100000000)
  eden space 69120K, 100% used [0x00000000d5580000,0x00000000d9900000,0x00000000d9900000)
  from space 11776K, 70% used [0x00000000d9900000,0x00000000da10f898,0x00000000da480000)
  to   space 11776K, 0% used [0x00000000db100000,0x00000000db100000,0x00000000dbc80000)
 ParOldGen       total 104960K, used 15040K [0x0000000080000000, 0x0000000086680000, 0x00000000d5580000)
  object space 104960K, 14% used [0x0000000080000000,0x0000000080eb0388,0x0000000086680000)
 Metaspace       used 46422K, capacity 47980K, committed 48176K, reserved 1091584K
  class space    used 6295K, capacity 6676K, committed 6704K, reserved 1048576K
Event: 32.660 GC heap after
Heap after GC invocations=14 (full 2):
 PSYoungGen      total 91648K, used 11756K [0x00000000d5580000, 0x00000000dbf00000, 0x0000000100000000)
  eden space 79872K, 0% used [0x00000000d5580000,0x00000000d5580000,0x00000000da380000)
  from space 11776K, 99% used [0x00000000db100000,0x00000000dbc7b240,0x00000000dbc80000)
  to   space 13824K, 0% used [0x00000000da380000,0x00000000da380000,0x00000000db100000)
 ParOldGen       total 104960K, used 16796K [0x0000000080000000, 0x0000000086680000, 0x00000000d5580000)
  object space 104960K, 16% used [0x0000000080000000,0x0000000081067308,0x0000000086680000)
 Metaspace       used 46422K, capacity 47980K, committed 48176K, reserved 1091584K
  class space    used 6295K, capacity 6676K, committed 6704K, reserved 1048576K
}
Event: 36.058 GC heap before
{Heap before GC invocations=15 (full 2):
 PSYoungGen      total 91648K, used 91628K [0x00000000d5580000, 0x00000000dbf00000, 0x0000000100000000)
  eden space 79872K, 100% used [0x00000000d5580000,0x00000000da380000,0x00000000da380000)
  from space 11776K, 99% used [0x00000000db100000,0x00000000dbc7b240,0x00000000dbc80000)
  to   space 13824K, 0% used [0x00000000da380000,0x00000000da380000,0x00000000db100000)
 ParOldGen       total 104960K, used 16796K [0x0000000080000000, 0x0000000086680000, 0x00000000d5580000)
  object space 104960K, 16% used [0x0000000080000000,0x0000000081067308,0x0000000086680000)
 Metaspace       used 53678K, capacity 55714K, committed 55984K, reserved 1097728K
  class space    used 7311K, capacity 7788K, committed 7856K, reserved 1048576K
Event: 36.075 GC heap after
Heap after GC invocations=15 (full 2):
 PSYoungGen      total 93696K, used 13820K [0x00000000d5580000, 0x00000000dd200000, 0x0000000100000000)
  eden space 79872K, 0% used [0x00000000d5580000,0x00000000d5580000,0x00000000da380000)
  from space 13824K, 99% used [0x00000000da380000,0x00000000db0ff300,0x00000000db100000)
  to   space 17408K, 0% used [0x00000000dc100000,0x00000000dc100000,0x00000000dd200000)
 ParOldGen       total 104960K, used 21486K [0x0000000080000000, 0x0000000086680000, 0x00000000d5580000)
  object space 104960K, 20% used [0x0000000080000000,0x00000000814fb940,0x0000000086680000)
 Metaspace       used 53678K, capacity 55714K, committed 55984K, reserved 1097728K
  class space    used 7311K, capacity 7788K, committed 7856K, reserved 1048576K
}
Event: 37.618 GC heap before
{Heap before GC invocations=16 (full 2):
 PSYoungGen      total 93696K, used 57747K [0x00000000d5580000, 0x00000000dd200000, 0x0000000100000000)
  eden space 79872K, 54% used [0x00000000d5580000,0x00000000d8065948,0x00000000da380000)
  from space 13824K, 99% used [0x00000000da380000,0x00000000db0ff300,0x00000000db100000)
  to   space 17408K, 0% used [0x00000000dc100000,0x00000000dc100000,0x00000000dd200000)
 ParOldGen       total 104960K, used 21486K [0x0000000080000000, 0x0000000086680000, 0x00000000d5580000)
  object space 104960K, 20% used [0x0000000080000000,0x00000000814fb940,0x0000000086680000)
 Metaspace       used 57084K, capacity 59072K, committed 59160K, reserved 1099776K
  class space    used 7836K, capacity 8299K, committed 8368K, reserved 1048576K
Event: 37.638 GC heap after
Heap after GC invocations=16 (full 2):
 PSYoungGen      total 107520K, used 17388K [0x00000000d5580000, 0x00000000dd980000, 0x0000000100000000)
  eden space 90112K, 0% used [0x00000000d5580000,0x00000000d5580000,0x00000000dad80000)
  from space 17408K, 99% used [0x00000000dc100000,0x00000000dd1fb3a0,0x00000000dd200000)
  to   space 19968K, 0% used [0x00000000dad80000,0x00000000dad80000,0x00000000dc100000)
 ParOldGen       total 104960K, used 22043K [0x0000000080000000, 0x0000000086680000, 0x00000000d5580000)
  object space 104960K, 21% used [0x0000000080000000,0x0000000081586d40,0x0000000086680000)
 Metaspace       used 57084K, capacity 59072K, committed 59160K, reserved 1099776K
  class space    used 7836K, capacity 8299K, committed 8368K, reserved 1048576K
}
Event: 37.638 GC heap before
{Heap before GC invocations=17 (full 3):
 PSYoungGen      total 107520K, used 17388K [0x00000000d5580000, 0x00000000dd980000, 0x0000000100000000)
  eden space 90112K, 0% used [0x00000000d5580000,0x00000000d5580000,0x00000000dad80000)
  from space 17408K, 99% used [0x00000000dc100000,0x00000000dd1fb3a0,0x00000000dd200000)
  to   space 19968K, 0% used [0x00000000dad80000,0x00000000dad80000,0x00000000dc100000)
 ParOldGen       total 104960K, used 22043K [0x0000000080000000, 0x0000000086680000, 0x00000000d5580000)
  object space 104960K, 21% used [0x0000000080000000,0x0000000081586d40,0x0000000086680000)
 Metaspace       used 57084K, capacity 59072K, committed 59160K, reserved 1099776K
  class space    used 7836K, capacity 8299K, committed 8368K, reserved 1048576K
Event: 37.928 GC heap after
Heap after GC invocations=17 (full 3):
 PSYoungGen      total 107520K, used 0K [0x00000000d5580000, 0x00000000dd980000, 0x0000000100000000)
  eden space 90112K, 0% used [0x00000000d5580000,0x00000000d5580000,0x00000000dad80000)
  from space 17408K, 0% used [0x00000000dc100000,0x00000000dc100000,0x00000000dd200000)
  to   space 19968K, 0% used [0x00000000dad80000,0x00000000dad80000,0x00000000dc100000)
 ParOldGen       total 155136K, used 29972K [0x0000000080000000, 0x0000000089780000, 0x00000000d5580000)
  object space 155136K, 19% used [0x0000000080000000,0x0000000081d45010,0x0000000089780000)
 Metaspace       used 57053K, capacity 58964K, committed 59160K, reserved 1099776K
  class space    used 7827K, capacity 8281K, committed 8368K, reserved 1048576K
}
Event: 40.621 GC heap before
{Heap before GC invocations=18 (full 3):
 PSYoungGen      total 107520K, used 90112K [0x00000000d5580000, 0x00000000dd980000, 0x0000000100000000)
  eden space 90112K, 100% used [0x00000000d5580000,0x00000000dad80000,0x00000000dad80000)
  from space 17408K, 0% used [0x00000000dc100000,0x00000000dc100000,0x00000000dd200000)
  to   space 19968K, 0% used [0x00000000dad80000,0x00000000dad80000,0x00000000dc100000)
 ParOldGen       total 155136K, used 30011K [0x0000000080000000, 0x0000000089780000, 0x00000000d5580000)
  object space 155136K, 19% used [0x0000000080000000,0x0000000081d4ef40,0x0000000089780000)
 Metaspace       used 61443K, capacity 64880K, committed 65072K, reserved 1105920K
  class space    used 8541K, capacity 9219K, committed 9264K, reserved 1048576K
Event: 40.636 GC heap after
Heap after GC invocations=18 (full 3):
 PSYoungGen      total 110080K, used 9014K [0x00000000d5580000, 0x00000000de400000, 0x0000000100000000)
  eden space 90112K, 0% used [0x00000000d5580000,0x00000000d5580000,0x00000000dad80000)
  from space 19968K, 45% used [0x00000000dad80000,0x00000000db64d8b0,0x00000000dc100000)
  to   space 18944K, 0% used [0x00000000dd180000,0x00000000dd180000,0x00000000de400000)
 ParOldGen       total 155136K, used 30019K [0x0000000080000000, 0x0000000089780000, 0x00000000d5580000)
  object space 155136K, 19% used [0x0000000080000000,0x0000000081d50f40,0x0000000089780000)
 Metaspace       used 61443K, capacity 64880K, committed 65072K, reserved 1105920K
  class space    used 8541K, capacity 9219K, committed 9264K, reserved 1048576K
}

