# JRE version: OpenJDK Runtime Environment (8.0_242-b01) (build 1.8.0_242-release-1644-b01)
# Java VM: OpenJDK 64-Bit Server VM (25.242-b01 mixed mode windows-amd64 compressed oops)
Heap:
 PSYoungGen      total 183296K, used 2983K [0x00000000d5580000, 0x00000000e3080000, 0x0000000100000000)
  eden space 164864K, 0% used [0x00000000d5580000,0x00000000d5580000,0x00000000df680000)
  from space 18432K, 16% used [0x00000000e0880000,0x00000000e0b69d28,0x00000000e1a80000)
  to   space 18432K, 0% used [0x00000000df680000,0x00000000df680000,0x00000000e0880000)
 ParOldGen       total 90112K, used 33769K [0x0000000080000000, 0x0000000085800000, 0x00000000d5580000)
  object space 90112K, 37% used [0x0000000080000000,0x00000000820fa580,0x0000000085800000)
 Metaspace       used 56999K, capacity 59034K, committed 59160K, reserved 1099776K
  class space    used 7821K, capacity 8292K, committed 8368K, reserved 1048576K
GC Heap History (10 events):
Event: 7.216 GC heap after
Heap after GC invocations=10 (full 1):
 PSYoungGen      total 117248K, used 8666K [0x00000000d5580000, 0x00000000dfc00000, 0x0000000100000000)
  eden space 105472K, 0% used [0x00000000d5580000,0x00000000d5580000,0x00000000dbc80000)
  from space 11776K, 73% used [0x00000000dbc80000,0x00000000dc4f6a80,0x00000000dc800000)
  to   space 11776K, 0% used [0x00000000df080000,0x00000000df080000,0x00000000dfc00000)
 ParOldGen       total 59392K, used 8890K [0x0000000080000000, 0x0000000083a00000, 0x00000000d5580000)
  object space 59392K, 14% used [0x0000000080000000,0x00000000808ae8a0,0x0000000083a00000)
 Metaspace       used 34566K, capacity 35410K, committed 35496K, reserved 1079296K
  class space    used 4742K, capacity 4974K, committed 5040K, reserved 1048576K
}
Event: 7.216 GC heap before
{Heap before GC invocations=11 (full 2):
 PSYoungGen      total 117248K, used 8666K [0x00000000d5580000, 0x00000000dfc00000, 0x0000000100000000)
  eden space 105472K, 0% used [0x00000000d5580000,0x00000000d5580000,0x00000000dbc80000)
  from space 11776K, 73% used [0x00000000dbc80000,0x00000000dc4f6a80,0x00000000dc800000)
  to   space 11776K, 0% used [0x00000000df080000,0x00000000df080000,0x00000000dfc00000)
 ParOldGen       total 59392K, used 8890K [0x0000000080000000, 0x0000000083a00000, 0x00000000d5580000)
  object space 59392K, 14% used [0x0000000080000000,0x00000000808ae8a0,0x0000000083a00000)
 Metaspace       used 34566K, capacity 35410K, committed 35496K, reserved 1079296K
  class space    used 4742K, capacity 4974K, committed 5040K, reserved 1048576K
Event: 7.286 GC heap after
Heap after GC invocations=11 (full 2):
 PSYoungGen      total 117248K, used 0K [0x00000000d5580000, 0x00000000dfc00000, 0x0000000100000000)
  eden space 105472K, 0% used [0x00000000d5580000,0x00000000d5580000,0x00000000dbc80000)
  from space 11776K, 0% used [0x00000000dbc80000,0x00000000dbc80000,0x00000000dc800000)
  to   space 11776K, 0% used [0x00000000df080000,0x00000000df080000,0x00000000dfc00000)
 ParOldGen       total 90112K, used 15238K [0x0000000080000000, 0x0000000085800000, 0x00000000d5580000)
  object space 90112K, 16% used [0x0000000080000000,0x0000000080ee1b98,0x0000000085800000)
 Metaspace       used 34566K, capacity 35410K, committed 35496K, reserved 1079296K
  class space    used 4742K, capacity 4974K, committed 5040K, reserved 1048576K
}
Event: 9.391 GC heap before
{Heap before GC invocations=12 (full 2):
 PSYoungGen      total 117248K, used 105472K [0x00000000d5580000, 0x00000000dfc00000, 0x0000000100000000)
  eden space 105472K, 100% used [0x00000000d5580000,0x00000000dbc80000,0x00000000dbc80000)
  from space 11776K, 0% used [0x00000000dbc80000,0x00000000dbc80000,0x00000000dc800000)
  to   space 11776K, 0% used [0x00000000df080000,0x00000000df080000,0x00000000dfc00000)
 ParOldGen       total 90112K, used 15238K [0x0000000080000000, 0x0000000085800000, 0x00000000d5580000)
  object space 90112K, 16% used [0x0000000080000000,0x0000000080ee1b98,0x0000000085800000)
 Metaspace       used 44301K, capacity 45762K, committed 46128K, reserved 1089536K
  class space    used 5997K, capacity 6331K, committed 6448K, reserved 1048576K
Event: 9.405 GC heap after
Heap after GC invocations=12 (full 2):
 PSYoungGen      total 144384K, used 11746K [0x00000000d5580000, 0x00000000dfc00000, 0x0000000100000000)
  eden space 132608K, 0% used [0x00000000d5580000,0x00000000d5580000,0x00000000dd700000)
  from space 11776K, 99% used [0x00000000df080000,0x00000000dfbf88e0,0x00000000dfc00000)
  to   space 13312K, 0% used [0x00000000de200000,0x00000000de200000,0x00000000def00000)
 ParOldGen       total 90112K, used 16386K [0x0000000080000000, 0x0000000085800000, 0x00000000d5580000)
  object space 90112K, 18% used [0x0000000080000000,0x0000000081000be8,0x0000000085800000)
 Metaspace       used 44301K, capacity 45762K, committed 46128K, reserved 1089536K
  class space    used 5997K, capacity 6331K, committed 6448K, reserved 1048576K
}
Event: 12.036 GC heap before
{Heap before GC invocations=13 (full 2):
 PSYoungGen      total 144384K, used 144354K [0x00000000d5580000, 0x00000000dfc00000, 0x0000000100000000)
  eden space 132608K, 100% used [0x00000000d5580000,0x00000000dd700000,0x00000000dd700000)
  from space 11776K, 99% used [0x00000000df080000,0x00000000dfbf88e0,0x00000000dfc00000)
  to   space 13312K, 0% used [0x00000000de200000,0x00000000de200000,0x00000000def00000)
 ParOldGen       total 90112K, used 16386K [0x0000000080000000, 0x0000000085800000, 0x00000000d5580000)
  object space 90112K, 18% used [0x0000000080000000,0x0000000081000be8,0x0000000085800000)
 Metaspace       used 54698K, capacity 56648K, committed 56880K, reserved 1097728K
  class space    used 7465K, capacity 7915K, committed 7984K, reserved 1048576K
Event: 12.059 GC heap after
Heap after GC invocations=13 (full 2):
 PSYoungGen      total 157184K, used 13302K [0x00000000d5580000, 0x00000000e1a80000, 0x0000000100000000)
  eden space 143872K, 0% used [0x00000000d5580000,0x00000000d5580000,0x00000000de200000)
  from space 13312K, 99% used [0x00000000de200000,0x00000000deefd838,0x00000000def00000)
  to   space 18432K, 0% used [0x00000000e0880000,0x00000000e0880000,0x00000000e1a80000)
 ParOldGen       total 90112K, used 25055K [0x0000000080000000, 0x0000000085800000, 0x00000000d5580000)
  object space 90112K, 27% used [0x0000000080000000,0x0000000081877c40,0x0000000085800000)
 Metaspace       used 54698K, capacity 56648K, committed 56880K, reserved 1097728K
  class space    used 7465K, capacity 7915K, committed 7984K, reserved 1048576K
}
Event: 12.501 GC heap before
{Heap before GC invocations=14 (full 2):
 PSYoungGen      total 157184K, used 40294K [0x00000000d5580000, 0x00000000e1a80000, 0x0000000100000000)
  eden space 143872K, 18% used [0x00000000d5580000,0x00000000d6fdc170,0x00000000de200000)
  from space 13312K, 99% used [0x00000000de200000,0x00000000deefd838,0x00000000def00000)
  to   space 18432K, 0% used [0x00000000e0880000,0x00000000e0880000,0x00000000e1a80000)
 ParOldGen       total 90112K, used 25055K [0x0000000080000000, 0x0000000085800000, 0x00000000d5580000)
  object space 90112K, 27% used [0x0000000080000000,0x0000000081877c40,0x0000000085800000)
 Metaspace       used 56999K, capacity 59034K, committed 59160K, reserved 1099776K
  class space    used 7821K, capacity 8292K, committed 8368K, reserved 1048576K
Event: 12.519 GC heap after
Heap after GC invocations=14 (full 2):
 PSYoungGen      total 183296K, used 2983K [0x00000000d5580000, 0x00000000e3080000, 0x0000000100000000)
  eden space 164864K, 0% used [0x00000000d5580000,0x00000000d5580000,0x00000000df680000)
  from space 18432K, 16% used [0x00000000e0880000,0x00000000e0b69d28,0x00000000e1a80000)
  to   space 18432K, 0% used [0x00000000df680000,0x00000000df680000,0x00000000e0880000)
 ParOldGen       total 90112K, used 33769K [0x0000000080000000, 0x0000000085800000, 0x00000000d5580000)
  object space 90112K, 37% used [0x0000000080000000,0x00000000820fa580,0x0000000085800000)
 Metaspace       used 56999K, capacity 59034K, committed 59160K, reserved 1099776K
  class space    used 7821K, capacity 8292K, committed 8368K, reserved 1048576K
}
Event: 12.519 GC heap before
{Heap before GC invocations=15 (full 3):
 PSYoungGen      total 183296K, used 2983K [0x00000000d5580000, 0x00000000e3080000, 0x0000000100000000)
  eden space 164864K, 0% used [0x00000000d5580000,0x00000000d5580000,0x00000000df680000)
  from space 18432K, 16% used [0x00000000e0880000,0x00000000e0b69d28,0x00000000e1a80000)
  to   space 18432K, 0% used [0x00000000df680000,0x00000000df680000,0x00000000e0880000)
 ParOldGen       total 90112K, used 33769K [0x0000000080000000, 0x0000000085800000, 0x00000000d5580000)
  object space 90112K, 37% used [0x0000000080000000,0x00000000820fa580,0x0000000085800000)
 Metaspace       used 56999K, capacity 59034K, committed 59160K, reserved 1099776K
  class space    used 7821K, capacity 8292K, committed 8368K, reserved 1048576K

