# JRE version: OpenJDK Runtime Environment (8.0_242-b01) (build 1.8.0_242-release-1644-b01)
# Java VM: OpenJDK 64-Bit Server VM (25.242-b01 mixed mode windows-amd64 compressed oops)
Heap:
 PSYoungGen      total 230400K, used 115642K [0x00000000d5580000, 0x00000000e8880000, 0x0000000100000000)
  eden space 208896K, 46% used [0x00000000d5580000,0x00000000db3852e8,0x00000000e2180000)
  from space 21504K, 90% used [0x00000000e2180000,0x00000000e3469590,0x00000000e3680000)
  to   space 23552K, 0% used [0x00000000e7180000,0x00000000e7180000,0x00000000e8880000)
 ParOldGen       total 124928K, used 33169K [0x0000000080000000, 0x0000000087a00000, 0x00000000d5580000)
  object space 124928K, 26% used [0x0000000080000000,0x0000000082064620,0x0000000087a00000)
 Metaspace       used 69625K, capacity 73330K, committed 73392K, reserved 1112064K
  class space    used 9664K, capacity 10398K, committed 10416K, reserved 1048576K
GC Heap History (10 events):
Event: 6.487 GC heap before
{Heap before GC invocations=10 (full 2):
 PSYoungGen      total 173056K, used 6816K [0x00000000d5580000, 0x00000000e4480000, 0x0000000100000000)
  eden space 159232K, 0% used [0x00000000d5580000,0x00000000d5580000,0x00000000df100000)
  from space 13824K, 49% used [0x00000000dfe00000,0x00000000e04a81c8,0x00000000e0b80000)
  to   space 13312K, 0% used [0x00000000df100000,0x00000000df100000,0x00000000dfe00000)
 ParOldGen       total 65024K, used 11428K [0x0000000080000000, 0x0000000083f80000, 0x00000000d5580000)
  object space 65024K, 17% used [0x0000000080000000,0x0000000080b291b0,0x0000000083f80000)
 Metaspace       used 34564K, capacity 35410K, committed 35496K, reserved 1079296K
  class space    used 4742K, capacity 4974K, committed 5040K, reserved 1048576K
Event: 6.552 GC heap after
Heap after GC invocations=10 (full 2):
 PSYoungGen      total 173056K, used 0K [0x00000000d5580000, 0x00000000e4480000, 0x0000000100000000)
  eden space 159232K, 0% used [0x00000000d5580000,0x00000000d5580000,0x00000000df100000)
  from space 13824K, 0% used [0x00000000dfe00000,0x00000000dfe00000,0x00000000e0b80000)
  to   space 13312K, 0% used [0x00000000df100000,0x00000000df100000,0x00000000dfe00000)
 ParOldGen       total 84480K, used 13363K [0x0000000080000000, 0x0000000085280000, 0x00000000d5580000)
  object space 84480K, 15% used [0x0000000080000000,0x0000000080d0cce8,0x0000000085280000)
 Metaspace       used 34564K, capacity 35410K, committed 35496K, reserved 1079296K
  class space    used 4742K, capacity 4974K, committed 5040K, reserved 1048576K
}
Event: 18.424 GC heap before
{Heap before GC invocations=11 (full 2):
 PSYoungGen      total 173056K, used 159232K [0x00000000d5580000, 0x00000000e4480000, 0x0000000100000000)
  eden space 159232K, 100% used [0x00000000d5580000,0x00000000df100000,0x00000000df100000)
  from space 13824K, 0% used [0x00000000dfe00000,0x00000000dfe00000,0x00000000e0b80000)
  to   space 13312K, 0% used [0x00000000df100000,0x00000000df100000,0x00000000dfe00000)
 ParOldGen       total 84480K, used 13363K [0x0000000080000000, 0x0000000085280000, 0x00000000d5580000)
  object space 84480K, 15% used [0x0000000080000000,0x0000000080d0cce8,0x0000000085280000)
 Metaspace       used 49111K, capacity 50794K, committed 50992K, reserved 1093632K
  class space    used 6567K, capacity 6947K, committed 6960K, reserved 1048576K
Event: 18.440 GC heap after
Heap after GC invocations=11 (full 2):
 PSYoungGen      total 172544K, used 13302K [0x00000000d5580000, 0x00000000e4800000, 0x0000000100000000)
  eden space 159232K, 0% used [0x00000000d5580000,0x00000000d5580000,0x00000000df100000)
  from space 13312K, 99% used [0x00000000df100000,0x00000000dfdfdbe0,0x00000000dfe00000)
  to   space 17408K, 0% used [0x00000000e3700000,0x00000000e3700000,0x00000000e4800000)
 ParOldGen       total 84480K, used 19576K [0x0000000080000000, 0x0000000085280000, 0x00000000d5580000)
  object space 84480K, 23% used [0x0000000080000000,0x000000008131e318,0x0000000085280000)
 Metaspace       used 49111K, capacity 50794K, committed 50992K, reserved 1093632K
  class space    used 6567K, capacity 6947K, committed 6960K, reserved 1048576K
}
Event: 20.948 GC heap before
{Heap before GC invocations=12 (full 2):
 PSYoungGen      total 172544K, used 118486K [0x00000000d5580000, 0x00000000e4800000, 0x0000000100000000)
  eden space 159232K, 66% used [0x00000000d5580000,0x00000000dbc37f80,0x00000000df100000)
  from space 13312K, 99% used [0x00000000df100000,0x00000000dfdfdbe0,0x00000000dfe00000)
  to   space 17408K, 0% used [0x00000000e3700000,0x00000000e3700000,0x00000000e4800000)
 ParOldGen       total 84480K, used 19576K [0x0000000080000000, 0x0000000085280000, 0x00000000d5580000)
  object space 84480K, 23% used [0x0000000080000000,0x000000008131e318,0x0000000085280000)
 Metaspace       used 56961K, capacity 59008K, committed 59160K, reserved 1099776K
  class space    used 7812K, capacity 8255K, committed 8368K, reserved 1048576K
Event: 20.963 GC heap after
Heap after GC invocations=12 (full 2):
 PSYoungGen      total 226304K, used 17393K [0x00000000d5580000, 0x00000000e4b80000, 0x0000000100000000)
  eden space 208896K, 0% used [0x00000000d5580000,0x00000000d5580000,0x00000000e2180000)
  from space 17408K, 99% used [0x00000000e3700000,0x00000000e47fc558,0x00000000e4800000)
  to   space 21504K, 0% used [0x00000000e2180000,0x00000000e2180000,0x00000000e3680000)
 ParOldGen       total 84480K, used 23640K [0x0000000080000000, 0x0000000085280000, 0x00000000d5580000)
  object space 84480K, 27% used [0x0000000080000000,0x0000000081716068,0x0000000085280000)
 Metaspace       used 56961K, capacity 59008K, committed 59160K, reserved 1099776K
  class space    used 7812K, capacity 8255K, committed 8368K, reserved 1048576K
}
Event: 20.963 GC heap before
{Heap before GC invocations=13 (full 3):
 PSYoungGen      total 226304K, used 17393K [0x00000000d5580000, 0x00000000e4b80000, 0x0000000100000000)
  eden space 208896K, 0% used [0x00000000d5580000,0x00000000d5580000,0x00000000e2180000)
  from space 17408K, 99% used [0x00000000e3700000,0x00000000e47fc558,0x00000000e4800000)
  to   space 21504K, 0% used [0x00000000e2180000,0x00000000e2180000,0x00000000e3680000)
 ParOldGen       total 84480K, used 23640K [0x0000000080000000, 0x0000000085280000, 0x00000000d5580000)
  object space 84480K, 27% used [0x0000000080000000,0x0000000081716068,0x0000000085280000)
 Metaspace       used 56961K, capacity 59008K, committed 59160K, reserved 1099776K
  class space    used 7812K, capacity 8255K, committed 8368K, reserved 1048576K
Event: 21.131 GC heap after
Heap after GC invocations=13 (full 3):
 PSYoungGen      total 226304K, used 0K [0x00000000d5580000, 0x00000000e4b80000, 0x0000000100000000)
  eden space 208896K, 0% used [0x00000000d5580000,0x00000000d5580000,0x00000000e2180000)
  from space 17408K, 0% used [0x00000000e3700000,0x00000000e3700000,0x00000000e4800000)
  to   space 21504K, 0% used [0x00000000e2180000,0x00000000e2180000,0x00000000e3680000)
 ParOldGen       total 124928K, used 33161K [0x0000000080000000, 0x0000000087a00000, 0x00000000d5580000)
  object space 124928K, 26% used [0x0000000080000000,0x0000000082062620,0x0000000087a00000)
 Metaspace       used 56935K, capacity 58918K, committed 59160K, reserved 1099776K
  class space    used 7804K, capacity 8240K, committed 8368K, reserved 1048576K
}
Event: 44.132 GC heap before
{Heap before GC invocations=14 (full 3):
 PSYoungGen      total 226304K, used 208896K [0x00000000d5580000, 0x00000000e4b80000, 0x0000000100000000)
  eden space 208896K, 100% used [0x00000000d5580000,0x00000000e2180000,0x00000000e2180000)
  from space 17408K, 0% used [0x00000000e3700000,0x00000000e3700000,0x00000000e4800000)
  to   space 21504K, 0% used [0x00000000e2180000,0x00000000e2180000,0x00000000e3680000)
 ParOldGen       total 124928K, used 33161K [0x0000000080000000, 0x0000000087a00000, 0x00000000d5580000)
  object space 124928K, 26% used [0x0000000080000000,0x0000000082062620,0x0000000087a00000)
 Metaspace       used 65518K, capacity 68884K, committed 69168K, reserved 1107968K
  class space    used 9027K, capacity 9693K, committed 9776K, reserved 1048576K
Event: 44.152 GC heap after
Heap after GC invocations=14 (full 3):
 PSYoungGen      total 230400K, used 19365K [0x00000000d5580000, 0x00000000e8880000, 0x0000000100000000)
  eden space 208896K, 0% used [0x00000000d5580000,0x00000000d5580000,0x00000000e2180000)
  from space 21504K, 90% used [0x00000000e2180000,0x00000000e3469590,0x00000000e3680000)
  to   space 23552K, 0% used [0x00000000e7180000,0x00000000e7180000,0x00000000e8880000)
 ParOldGen       total 124928K, used 33169K [0x0000000080000000, 0x0000000087a00000, 0x00000000d5580000)
  object space 124928K, 26% used [0x0000000080000000,0x0000000082064620,0x0000000087a00000)
 Metaspace       used 65518K, capacity 68884K, committed 69168K, reserved 1107968K
  class space    used 9027K, capacity 9693K, committed 9776K, reserved 1048576K
}

